<?xml version="1.0" encoding="UTF-8" ?>
<testsuites errors="5"
            failures="1"
            tests="1">

  <testsuite name="test.wiki"
    errors="5" failures="1" hostname="" id="" package="wiki" skipped="0"
    tests="1" time="15.50" timestamp="">
  
    <testcase name="Search for BrowserStack" classname="test.wiki" time="15.50" assertions="1">  <failure message="Error while running &#34;waitUntil&#34; command: [TypeError] contexts.includes is not a function">TypeError: contexts.includes is not a function
    at NightwatchAPI.&lt;anonymous&gt; (/Users/ram/Tech-Onboarding/AppiumAutomate/test/wiki.js:15:33)</failure>

    
    <error message="Error while running &#34;waitUntil&#34; command: [TypeError] contexts.includes is not a function" type="error"><![CDATA[
    TypeError: contexts.includes is not a function
    at NightwatchAPI.&lt;anonymous&gt; (/Users/ram/Tech-Onboarding/AppiumAutomate/test/wiki.js:15:33)
    at processTicksAndRejections (node:internal/process/task_queues:95:5)
    ]]></error>
    
    </testcase>
  

  
    <system-err>
       NoSuchElementError
   An element could not be located on the page using the given search parameters.
    {&#34;error&#34;:{&#34;name&#34;:&#34;InvalidArgumentError&#34;,&#34;remoteStacktrace&#34;:&#34;&#34;},&#34;status&#34;:-1,&#34;value&#34;:null}

    Try fixing by :
    1. Please inspect the html before the step
    2. Verify if an element with the mentioned selector is present in the DOM tree

    Error location:
    /Users/ram/Tech-Onboarding/AppiumAutomate/test/wiki.js:
    ––––––––––––––––––––––––––––––––––––––––––––––––––––––––
     2 | describe(&#39;Wikipedia Android app test&#39;,function(){
     3 |     before(function(app) {
     4 |         app.click(&#39;id&#39;,&#39;org.wikipedia:id/fragment_onboarding_skip_button&#39;); 
     5 |     });
     6 |     it(&#39;Search for BrowserStack&#39;,async function(app) {
    ––––––––––––––––––––––––––––––––––––––––––––––––––––––––

 NoSuchElementError
   An element could not be located on the page using the given search parameters.
    {&#34;error&#34;:{&#34;name&#34;:&#34;InvalidArgumentError&#34;,&#34;remoteStacktrace&#34;:&#34;&#34;},&#34;status&#34;:-1,&#34;value&#34;:null}

    Try fixing by :
    1. Please inspect the html before the step
    2. Verify if an element with the mentioned selector is present in the DOM tree

    Error location:
    /Users/ram/Tech-Onboarding/AppiumAutomate/test/wiki.js:
    ––––––––––––––––––––––––––––––––––––––––––––––––––––––––
     6 |     it(&#39;Search for BrowserStack&#39;,async function(app) {
     7 |         app
     8 |             .click(&#39;id&#39;,&#39;org.wikipedia:id/search_container&#39;) 
     9 |             .sendKeys(&#39;id&#39;,&#39;org.wikipedia:id/search_src_text&#39;,&#39;browserstack&#39;)
     10 |             .click({selector: &#39;org.wikipedia:id/page_list_item_title&#39;,locateStrategy: &#39;id&#39;,index: 0})
    ––––––––––––––––––––––––––––––––––––––––––––––––––––––––

 NoSuchElementError
   An element could not be located on the page using the given search parameters.
    {&#34;error&#34;:{&#34;name&#34;:&#34;InvalidArgumentError&#34;,&#34;remoteStacktrace&#34;:&#34;&#34;},&#34;status&#34;:-1,&#34;value&#34;:null}

    Try fixing by :
    1. Please inspect the html before the step
    2. Verify if an element with the mentioned selector is present in the DOM tree

    Error location:
    /Users/ram/Tech-Onboarding/AppiumAutomate/test/wiki.js:
    ––––––––––––––––––––––––––––––––––––––––––––––––––––––––
     7 |         app
     8 |             .click(&#39;id&#39;,&#39;org.wikipedia:id/search_container&#39;)
     9 |             .sendKeys(&#39;id&#39;,&#39;org.wikipedia:id/search_src_text&#39;,&#39;browserstack&#39;) 
     10 |             .click({selector: &#39;org.wikipedia:id/page_list_item_title&#39;,locateStrategy: &#39;id&#39;,index: 0})
     11 |             .waitUntil(async function() {
    ––––––––––––––––––––––––––––––––––––––––––––––––––––––––

 NoSuchElementError
   An element could not be located on the page using the given search parameters.
    {&#34;error&#34;:{&#34;name&#34;:&#34;InvalidArgumentError&#34;,&#34;remoteStacktrace&#34;:&#34;&#34;},&#34;status&#34;:-1,&#34;value&#34;:null}

    Try fixing by :
    1. Please inspect the html before the step
    2. Verify if an element with the mentioned selector is present in the DOM tree

    Error location:
    /Users/ram/Tech-Onboarding/AppiumAutomate/test/wiki.js:
    ––––––––––––––––––––––––––––––––––––––––––––––––––––––––
     8 |             .click(&#39;id&#39;,&#39;org.wikipedia:id/search_container&#39;)
     9 |             .sendKeys(&#39;id&#39;,&#39;org.wikipedia:id/search_src_text&#39;,&#39;browserstack&#39;)
     10 |             .click({selector: &#39;org.wikipedia:id/page_list_item_title&#39;,locateStrategy: &#39;id&#39;,index: 0}) 
     11 |             .waitUntil(async function() {
     12 |                 // wait for webview context to be available
    ––––––––––––––––––––––––––––––––––––––––––––––––––––––––

 ✖ TypeError
   contexts.includes is not a function
      - writing an ES6 async test case? - keep in mind that commands return a Promise; 
      - writing unit tests? - make sure to specify &#34;unit_tests_mode=true&#34; in your config.

    Error location:
    /Users/ram/Tech-Onboarding/AppiumAutomate/test/wiki.js:
    ––––––––––––––––––––––––––––––––––––––––––––––––––––––––
     13 |                 const contexts = await this.appium.getContexts();
     14 | 
     15 |                 return contexts.includes(&#39;WEBVIEW_org.wikipedia&#39;); 
     16 |             })
     17 |             .appium.setContext(&#39;WEBVIEW_org.wikipedia&#39;)
    ––––––––––––––––––––––––––––––––––––––––––––––––––––––––

    Stack Trace :
    at NightwatchAPI.&lt;anonymous&gt; (/Users/ram/Tech-Onboarding/AppiumAutomate/test/wiki.js:15:33)
    at processTicksAndRejections (node:internal/process/task_queues:95:5)

    </system-err>
  

    

  
  </testsuite>
</testsuites>
